0 info it worked if it ends with ok
1 verbose cli [ '/opt/node-v6.9.1/bin/node',
1 verbose cli   '/usr/local/bin/npm',
1 verbose cli   'run',
1 verbose cli   'test' ]
2 info using npm@3.10.8
3 info using node@v6.9.1
4 verbose run-script [ 'pretest', 'test', 'posttest' ]
5 info lifecycle smart-crud@0.0.1~pretest: smart-crud@0.0.1
6 silly lifecycle smart-crud@0.0.1~pretest: no script for pretest, continuing
7 info lifecycle smart-crud@0.0.1~test: smart-crud@0.0.1
8 verbose lifecycle smart-crud@0.0.1~test: unsafe-perm in lifecycle true
9 verbose lifecycle smart-crud@0.0.1~test: PATH: /opt/node-v6.9.1/lib/node_modules/npm/bin/node-gyp-bin:/home/tolokoban/Code/github/smart-crud/node_modules/.bin:/opt/node-v6.9.1/bin:/opt/emsdk_portable:/home/tolokoban/texlive/2016/bin/x86_64-linux:/usr/local/sbin:/usr/local/bin:/usr/sbin:/usr/bin:/sbin:/bin:/usr/games:/usr/local/games
10 verbose lifecycle smart-crud@0.0.1~test: CWD: /home/tolokoban/Code/github/smart-crud
11 silly lifecycle smart-crud@0.0.1~test: Args: [ '-c',
11 silly lifecycle   'node node_modules/jasmine/bin/jasmine.js JASMINE_CONFIG_PATH=spec/support/jasmine.json' ]
12 silly lifecycle smart-crud@0.0.1~test: Returned: code: 1  signal: null
13 info lifecycle smart-crud@0.0.1~test: Failed to exec test script
14 verbose stack Error: smart-crud@0.0.1 test: `node node_modules/jasmine/bin/jasmine.js JASMINE_CONFIG_PATH=spec/support/jasmine.json`
14 verbose stack Exit status 1
14 verbose stack     at EventEmitter.<anonymous> (/opt/node-v6.9.1/lib/node_modules/npm/lib/utils/lifecycle.js:255:16)
14 verbose stack     at emitTwo (events.js:106:13)
14 verbose stack     at EventEmitter.emit (events.js:191:7)
14 verbose stack     at ChildProcess.<anonymous> (/opt/node-v6.9.1/lib/node_modules/npm/lib/utils/spawn.js:40:14)
14 verbose stack     at emitTwo (events.js:106:13)
14 verbose stack     at ChildProcess.emit (events.js:191:7)
14 verbose stack     at maybeClose (internal/child_process.js:877:16)
14 verbose stack     at Process.ChildProcess._handle.onexit (internal/child_process.js:226:5)
15 verbose pkgid smart-crud@0.0.1
16 verbose cwd /home/tolokoban/Code/github/smart-crud
17 error Linux 4.10.0-38-generic
18 error argv "/opt/node-v6.9.1/bin/node" "/usr/local/bin/npm" "run" "test"
19 error node v6.9.1
20 error npm  v3.10.8
21 error code ELIFECYCLE
22 error smart-crud@0.0.1 test: `node node_modules/jasmine/bin/jasmine.js JASMINE_CONFIG_PATH=spec/support/jasmine.json`
22 error Exit status 1
23 error Failed at the smart-crud@0.0.1 test script 'node node_modules/jasmine/bin/jasmine.js JASMINE_CONFIG_PATH=spec/support/jasmine.json'.
23 error Make sure you have the latest version of node.js and npm installed.
23 error If you do, this is most likely a problem with the smart-crud package,
23 error not with npm itself.
23 error Tell the author that this fails on your system:
23 error     node node_modules/jasmine/bin/jasmine.js JASMINE_CONFIG_PATH=spec/support/jasmine.json
23 error You can get information on how to open an issue for this project with:
23 error     npm bugs smart-crud
23 error Or if that isn't available, you can get their info via:
23 error     npm owner ls smart-crud
23 error There is likely additional logging output above.
24 verbose exit [ 1, true ]
